<?xml version="1.0" encoding="UTF-8"?>
<testng-results ignored="0" total="1" passed="1" failed="0" skipped="0">
  <reporter-output>
  </reporter-output>
  <suite started-at="2025-07-25T13:44:20 IST" name="SuiteName" finished-at="2025-07-25T13:44:24 IST" duration-ms="4246">
    <groups>
    </groups>
    <test started-at="2025-07-25T13:44:20 IST" name="Test" finished-at="2025-07-25T13:44:24 IST" duration-ms="4246">
      <class name="testapi.BasicAPIProgram">
        <test-method signature="getUser()[pri:0, instance:testapi.BasicAPIProgram@c8c12ac]" started-at="2025-07-25T13:44:20 IST" name="getUser" finished-at="2025-07-25T13:44:24 IST" duration-ms="4140" status="PASS">
          <reporter-output>
          </reporter-output>
        </test-method> <!-- getUser -->
      </class> <!-- testapi.BasicAPIProgram -->
    </test> <!-- Test -->
  </suite> <!-- SuiteName -->
</testng-results>
