<?xml version="1.0" encoding="UTF-8"?>
<testng-results ignored="0" total="1" passed="1" failed="0" skipped="0">
  <reporter-output>
  </reporter-output>
  <suite started-at="2025-08-01T22:01:08 IST" name="Default suite" finished-at="2025-08-01T22:01:10 IST" duration-ms="2181">
    <groups>
    </groups>
    <test started-at="2025-08-01T22:01:08 IST" name="Default test" finished-at="2025-08-01T22:01:10 IST" duration-ms="2181">
      <class name="testapi.SumValidation">
        <test-method signature="sumOfCourse()[pri:0, instance:testapi.SumValidation@c8c12ac]" started-at="2025-08-01T22:01:08 IST" name="sumOfCourse" finished-at="2025-08-01T22:01:10 IST" duration-ms="2108" status="PASS">
          <reporter-output>
          </reporter-output>
        </test-method> <!-- sumOfCourse -->
      </class> <!-- testapi.SumValidation -->
    </test> <!-- Default test -->
  </suite> <!-- Default suite -->
</testng-results>
